GROUP,PACKAGE,CLASS,INSTRUCTION_MISSED,INSTRUCTION_COVERED,BRANCH_MISSED,BRANCH_COVERED,LINE_MISSED,LINE_COVERED,COMPLEXITY_MISSED,COMPLEXITY_COVERED,METHOD_MISSED,METHOD_COVERED
practica-calificada-1-jocluis,cs.ing.software.practica,Aplicacion,12,0,0,0,4,0,3,0,3,0
practica-calificada-1-jocluis,cs.ing.software.practica,Libro,50,0,2,0,20,0,11,0,10,0
practica-calificada-1-jocluis,cs.ing.software.practica,Oliver,87,0,4,0,18,0,8,0,6,0
practica-calificada-1-jocluis,cs.ing.software.practica,EstudiantePreferencia,17,0,0,0,8,0,5,0,5,0
practica-calificada-1-jocluis,cs.ing.software.practica,Estudiante,43,0,0,0,18,0,9,0,9,0
practica-calificada-1-jocluis,cs.ing.software.practica,Autor,23,0,0,0,10,0,5,0,5,0
